<?xml version="1.0" encoding="UTF-8"?>
<testng-results ignored="0" total="7" passed="7" failed="0" skipped="0">
  <reporter-output>
  </reporter-output>
  <suite started-at="2024-12-26T10:19:16 IST" name="Suite" finished-at="2024-12-26T10:20:15 IST" duration-ms="58421">
    <groups>
    </groups>
    <test started-at="2024-12-26T10:19:16 IST" name="Test" finished-at="2024-12-26T10:20:15 IST" duration-ms="58421">
      <class name="jupiter.JupiterContactTest1">
        <test-method is-config="true" signature="openBrowser()[pri:0, instance:jupiter.JupiterContactTest1@702657cc]" started-at="2024-12-26T10:19:16 IST" name="openBrowser" finished-at="2024-12-26T10:19:20 IST" duration-ms="3920" status="PASS">
          <reporter-output>
          </reporter-output>
        </test-method> <!-- openBrowser -->
        <test-method signature="createContactTest()[pri:0, instance:jupiter.JupiterContactTest1@702657cc]" started-at="2024-12-26T10:19:20 IST" name="createContactTest" finished-at="2024-12-26T10:19:39 IST" duration-ms="18722" status="PASS">
          <reporter-output>
          </reporter-output>
        </test-method> <!-- createContactTest -->
        <test-method signature="createContactTest()[pri:0, instance:jupiter.JupiterContactTest1@702657cc]" started-at="2024-12-26T10:19:39 IST" name="createContactTest" finished-at="2024-12-26T10:19:41 IST" duration-ms="2257" status="PASS">
          <reporter-output>
          </reporter-output>
        </test-method> <!-- createContactTest -->
        <test-method signature="createContactTest()[pri:0, instance:jupiter.JupiterContactTest1@702657cc]" started-at="2024-12-26T10:19:41 IST" name="createContactTest" finished-at="2024-12-26T10:19:45 IST" duration-ms="3741" status="PASS">
          <reporter-output>
          </reporter-output>
        </test-method> <!-- createContactTest -->
        <test-method signature="createContactTest()[pri:0, instance:jupiter.JupiterContactTest1@702657cc]" started-at="2024-12-26T10:19:45 IST" name="createContactTest" finished-at="2024-12-26T10:19:47 IST" duration-ms="1943" status="PASS">
          <reporter-output>
          </reporter-output>
        </test-method> <!-- createContactTest -->
        <test-method signature="createContactTest()[pri:0, instance:jupiter.JupiterContactTest1@702657cc]" started-at="2024-12-26T10:19:47 IST" name="createContactTest" finished-at="2024-12-26T10:20:06 IST" duration-ms="19224" status="PASS">
          <reporter-output>
          </reporter-output>
        </test-method> <!-- createContactTest -->
        <test-method is-config="true" signature="closeBrowser()[pri:0, instance:jupiter.JupiterContactTest1@702657cc]" started-at="2024-12-26T10:20:06 IST" name="closeBrowser" finished-at="2024-12-26T10:20:07 IST" duration-ms="261" status="PASS">
          <reporter-output>
          </reporter-output>
        </test-method> <!-- closeBrowser -->
      </class> <!-- jupiter.JupiterContactTest1 -->
      <class name="jupiter.JupiterContactTest3">
        <test-method is-config="true" signature="openBrowser()[pri:0, instance:jupiter.JupiterContactTest3@4c402120]" started-at="2024-12-26T10:20:07 IST" name="openBrowser" finished-at="2024-12-26T10:20:10 IST" duration-ms="3102" status="PASS">
          <reporter-output>
          </reporter-output>
        </test-method> <!-- openBrowser -->
        <test-method signature="orderTheToysAndVerify()[pri:0, instance:jupiter.JupiterContactTest3@4c402120]" started-at="2024-12-26T10:20:10 IST" name="orderTheToysAndVerify" finished-at="2024-12-26T10:20:12 IST" duration-ms="1828" status="PASS">
          <reporter-output>
          </reporter-output>
        </test-method> <!-- orderTheToysAndVerify -->
        <test-method is-config="true" signature="closeBrowser()[pri:0, instance:jupiter.JupiterContactTest3@4c402120]" started-at="2024-12-26T10:20:12 IST" name="closeBrowser" finished-at="2024-12-26T10:20:12 IST" duration-ms="216" status="PASS">
          <reporter-output>
          </reporter-output>
        </test-method> <!-- closeBrowser -->
      </class> <!-- jupiter.JupiterContactTest3 -->
      <class name="jupiter.JupiterContactTest2">
        <test-method is-config="true" signature="openBrowser()[pri:0, instance:jupiter.JupiterContactTest2@327514f]" started-at="2024-12-26T10:20:12 IST" name="openBrowser" finished-at="2024-12-26T10:20:14 IST" duration-ms="2344" status="PASS">
          <reporter-output>
          </reporter-output>
        </test-method> <!-- openBrowser -->
        <test-method signature="createContactWithoutMandatoryFields()[pri:0, instance:jupiter.JupiterContactTest2@327514f]" started-at="2024-12-26T10:20:14 IST" name="createContactWithoutMandatoryFields" finished-at="2024-12-26T10:20:15 IST" duration-ms="576" status="PASS">
          <reporter-output>
          </reporter-output>
        </test-method> <!-- createContactWithoutMandatoryFields -->
        <test-method is-config="true" signature="closeBrowser()[pri:0, instance:jupiter.JupiterContactTest2@327514f]" started-at="2024-12-26T10:20:15 IST" name="closeBrowser" finished-at="2024-12-26T10:20:15 IST" duration-ms="204" status="PASS">
          <reporter-output>
          </reporter-output>
        </test-method> <!-- closeBrowser -->
      </class> <!-- jupiter.JupiterContactTest2 -->
    </test> <!-- Test -->
  </suite> <!-- Suite -->
</testng-results>
