<?xml version="1.0" encoding="UTF-8"?>
<!-- Generated by org.testng.reporters.JUnitXMLReporter -->
<testsuite ignored="0" hostname="RAJU" failures="0" tests="7" name="Test" time="58.421" errors="0" timestamp="2024-12-26T10:20:15 IST">
  <testcase classname="jupiter.JupiterContactTest1" name="createContactTest" time="18.722"/>
  <testcase classname="jupiter.JupiterContactTest1" name="createContactTest" time="2.257"/>
  <testcase classname="jupiter.JupiterContactTest1" name="createContactTest" time="3.741"/>
  <testcase classname="jupiter.JupiterContactTest1" name="createContactTest" time="1.943"/>
  <testcase classname="jupiter.JupiterContactTest1" name="createContactTest" time="19.224"/>
  <testcase classname="jupiter.JupiterContactTest3" name="orderTheToysAndVerify" time="1.828"/>
  <testcase classname="jupiter.JupiterContactTest2" name="createContactWithoutMandatoryFields" time="0.576"/>
</testsuite> <!-- Test -->
