<?xml version="1.0" encoding="UTF-8"?>
<!-- Generated by org.testng.reporters.JUnitXMLReporter -->
<testsuite ignored="0" hostname="RAJU" failures="0" tests="5" name="Default test" time="30.435" errors="0" timestamp="2024-12-24T17:54:08 IST">
  <testcase classname="jupiter.JupiterContactTest1" name="contact" time="3.589"/>
  <testcase classname="jupiter.JupiterContactTest1" name="contact" time="3.516"/>
  <testcase classname="jupiter.JupiterContactTest1" name="contact" time="3.981"/>
  <testcase classname="jupiter.JupiterContactTest1" name="contact" time="13.296"/>
  <testcase classname="jupiter.JupiterContactTest1" name="contact" time="1.917"/>
</testsuite> <!-- Default test -->
